Using pre-set license
Built from '2021.2/staging' branch; Version is '2021.2.8f1 (d0e5f0a7b06a) revision 13690352'; Using compiler version '192829333'; Build Type 'Release'
OS: 'Windows 11  (10.0.26100) 64bit Core' Language: 'en' Physical Memory: 16108 MB
BatchMode: 1, IsHumanControllingUs: 0, StartBugReporterOnCrash: 0, Is64bit: 1, IsPro: 0

COMMAND LINE ARGUMENTS:
C:\Program Files\Unity\Hub\Editor\2021.2.8f1\Editor\Unity.exe
-adb2
-batchMode
-noUpm
-name
AssetImportWorker0
-projectPath
C:/Users/garla/COMP2007 CW2
-logFile
Logs/AssetImportWorker0.log
-srvPort
57318
Successfully changed project path to: C:/Users/garla/COMP2007 CW2
C:/Users/garla/COMP2007 CW2
[UnityMemory] Configuration Parameters - Can be set up in boot.config
    "memorysetup-bucket-allocator-granularity=16"
    "memorysetup-bucket-allocator-bucket-count=8"
    "memorysetup-bucket-allocator-block-size=33554432"
    "memorysetup-bucket-allocator-block-count=8"
    "memorysetup-main-allocator-block-size=16777216"
    "memorysetup-thread-allocator-block-size=16777216"
    "memorysetup-gfx-main-allocator-block-size=16777216"
    "memorysetup-gfx-thread-allocator-block-size=16777216"
    "memorysetup-cache-allocator-block-size=4194304"
    "memorysetup-typetree-allocator-block-size=2097152"
    "memorysetup-profiler-bucket-allocator-granularity=16"
    "memorysetup-profiler-bucket-allocator-bucket-count=8"
    "memorysetup-profiler-bucket-allocator-block-size=33554432"
    "memorysetup-profiler-bucket-allocator-block-count=8"
    "memorysetup-profiler-allocator-block-size=16777216"
    "memorysetup-profiler-editor-allocator-block-size=1048576"
    "memorysetup-temp-allocator-size-main=16777216"
    "memorysetup-job-temp-allocator-block-size=2097152"
    "memorysetup-job-temp-allocator-block-size-background=1048576"
    "memorysetup-job-temp-allocator-reduction-small-platforms=262144"
    "memorysetup-temp-allocator-size-background-worker=32768"
    "memorysetup-temp-allocator-size-job-worker=262144"
    "memorysetup-temp-allocator-size-preload-manager=33554432"
    "memorysetup-temp-allocator-size-nav-mesh-worker=65536"
    "memorysetup-temp-allocator-size-audio-worker=65536"
    "memorysetup-temp-allocator-size-cloud-worker=32768"
    "memorysetup-temp-allocator-size-gi-baking-worker=262144"
    "memorysetup-temp-allocator-size-gfx=262144"
Refreshing native plugins compatible for Editor in 77.63 ms, found 3 plugins.
Preloading 0 native plugins for Editor in 0.00 ms.
Initialize engine version: 2021.2.8f1 (d0e5f0a7b06a)
[Subsystems] Discovering subsystems at path C:/Program Files/Unity/Hub/Editor/2021.2.8f1/Editor/Data/Resources/UnitySubsystems
[Subsystems] Discovering subsystems at path C:/Users/garla/COMP2007 CW2/Assets
GfxDevice: creating device client; threaded=0; jobified=0
Direct3D:
    Version:  Direct3D 11.0 [level 11.1]
    Renderer: Intel(R) Iris(R) Xe Graphics (ID=0xa7a1)
    Vendor:   Intel
    VRAM:     8054 MB
    Driver:   32.0.101.5542
Initialize mono
Mono path[0] = 'C:/Program Files/Unity/Hub/Editor/2021.2.8f1/Editor/Data/Managed'
Mono path[1] = 'C:/Program Files/Unity/Hub/Editor/2021.2.8f1/Editor/Data/MonoBleedingEdge/lib/mono/unityjit-win32'
Mono config path = 'C:/Program Files/Unity/Hub/Editor/2021.2.8f1/Editor/Data/MonoBleedingEdge/etc'
Using monoOptions --debugger-agent=transport=dt_socket,embedding=1,server=y,suspend=n,address=127.0.0.1:56844
Begin MonoManager ReloadAssembly
Registering precompiled unity dll's ...
Register platform support module: C:/Program Files/Unity/Hub/Editor/2021.2.8f1/Editor/Data/PlaybackEngines/WindowsStandaloneSupport/UnityEditor.WindowsStandalone.Extensions.dll
Registered in 0.005532 seconds.
Native extension for WindowsStandalone target not found
Refreshing native plugins compatible for Editor in 137.86 ms, found 3 plugins.
Preloading 0 native plugins for Editor in 0.00 ms.
Mono: successfully reloaded assembly
- Completed reload, in  0.951 seconds
Domain Reload Profiling:
	ReloadAssembly (951ms)
		BeginReloadAssembly (244ms)
			ExecutionOrderSort (0ms)
			DisableScriptedObjects (0ms)
			BackupInstance (0ms)
			ReleaseScriptingObjects (0ms)
			CreateAndSetChildDomain (1ms)
		EndReloadAssembly (625ms)
			LoadAssemblies (242ms)
			RebuildTransferFunctionScriptingTraits (0ms)
			SetupTypeCache (117ms)
			ReleaseScriptCaches (0ms)
			RebuildScriptCaches (43ms)
			SetupLoadedEditorAssemblies (411ms)
				LogAssemblyErrors (0ms)
				InitializePlatformSupportModulesInManaged (56ms)
				SetLoadedEditorAssemblies (2ms)
				RefreshPlugins (138ms)
				BeforeProcessingInitializeOnLoad (2ms)
				ProcessInitializeOnLoadAttributes (168ms)
				ProcessInitializeOnLoadMethodAttributes (45ms)
				AfterProcessingInitializeOnLoad (0ms)
				EditorAssembliesLoaded (0ms)
			ExecutionOrderSort2 (0ms)
			AwakeInstancesAfterBackupRestoration (0ms)
Platform modules already initialized, skipping
Registering precompiled user dll's ...
Registered in 0.006995 seconds.
Begin MonoManager ReloadAssembly
Symbol file LoadedFromMemory doesn't match image C:\Users\garla\COMP2007 CW2\Library\PackageCache\com.unity.visualscripting@1.7.6\Editor\VisualScripting.Core\Dependencies\YamlDotNet\Unity.VisualScripting.YamlDotNet.dll
Symbol file LoadedFromMemory doesn't match image C:\Users\garla\COMP2007 CW2\Library\PackageCache\com.unity.visualscripting@1.7.6\Editor\VisualScripting.Core\Dependencies\DotNetZip\Unity.VisualScripting.IonicZip.dll
Native extension for WindowsStandalone target not found
Refreshing native plugins compatible for Editor in 0.98 ms, found 3 plugins.
Preloading 0 native plugins for Editor in 0.00 ms.
Mono: successfully reloaded assembly
- Completed reload, in  1.089 seconds
Domain Reload Profiling:
	ReloadAssembly (1090ms)
		BeginReloadAssembly (104ms)
			ExecutionOrderSort (0ms)
			DisableScriptedObjects (5ms)
			BackupInstance (0ms)
			ReleaseScriptingObjects (0ms)
			CreateAndSetChildDomain (18ms)
		EndReloadAssembly (882ms)
			LoadAssemblies (78ms)
			RebuildTransferFunctionScriptingTraits (0ms)
			SetupTypeCache (256ms)
			ReleaseScriptCaches (0ms)
			RebuildScriptCaches (44ms)
			SetupLoadedEditorAssemblies (467ms)
				LogAssemblyErrors (0ms)
				InitializePlatformSupportModulesInManaged (16ms)
				SetLoadedEditorAssemblies (1ms)
				RefreshPlugins (1ms)
				BeforeProcessingInitializeOnLoad (83ms)
				ProcessInitializeOnLoadAttributes (335ms)
				ProcessInitializeOnLoadMethodAttributes (21ms)
				AfterProcessingInitializeOnLoad (10ms)
				EditorAssembliesLoaded (0ms)
			ExecutionOrderSort2 (0ms)
			AwakeInstancesAfterBackupRestoration (7ms)
Platform modules already initialized, skipping
========================================================================
Worker process is ready to serve import requests
Launched and connected shader compiler UnityShaderCompiler.exe after 0.09 seconds
Refreshing native plugins compatible for Editor in 0.48 ms, found 3 plugins.
Preloading 0 native plugins for Editor in 0.00 ms.
Unloading 3273 Unused Serialized files (Serialized files now loaded: 0)
Unloading 24 unused Assets / (57.1 KB). Loaded Objects now: 3744.
Memory consumption went from 120.8 MB to 120.7 MB.
Total: 3.300500 ms (FindLiveObjects: 0.424600 ms CreateObjectMapping: 0.075200 ms MarkObjects: 2.692200 ms  DeleteObjects: 0.106500 ms)

AssetImportParameters requested are different than current active one (requested -> active):
  custom:video-decoder-ogg-theora: a1e56fd34408186e4bbccfd4996cb3dc -> 
  custom:container-muxer-webm: aa71ff27fc2769a1b78a27578f13a17b -> 
  custom:container-demuxer-webm: 4f35f7cbe854078d1ac9338744f61a02 -> 
  custom:video-encoder-webm-vp8: eb34c28f22e8b96e1ab97ce403110664 -> 
  custom:video-codec-MediaFoundation-h265: 746d11721c4dcdbdad8f713fa42b33f4 -> 
  custom:audio-encoder-webm-vorbis: bf7c407c2cedff20999df2af8eb42d56 -> 
  custom:framework-win-MediaFoundation: 216162199b28c13a410421893ffa2e32 -> 
  custom:container-demuxer-ogg: 62fdf1f143b41e24485cea50d1cbac27 -> 
  custom:video-decoder-webm-vp8: 9c59270c3fd7afecdb556c50c9e8de78 -> 
  custom:audio-decoder-ogg-vorbis: bf7c407c2cedff20999df2af8eb42d56 -> 
========================================================================
Received Import Request.
  Time since last request: 88176.465858 seconds.
  path: Assets/Sounds/BackingMusic.wav
  artifactKey: Guid(b2742c6c6febb914ba5c49a933332deb) Importer(815301076,1909f56bfc062723c751e8b465ee728b)
Start importing Assets/Sounds/BackingMusic.wav using Guid(b2742c6c6febb914ba5c49a933332deb) Importer(815301076,1909f56bfc062723c751e8b465ee728b)  -> (artifact id: 'c676c0c6e417273c4a841784e36b57ab') in 0.144550 seconds 
========================================================================
Received Import Request.
  Time since last request: 21.306121 seconds.
  path: Assets/Sounds/DoorOpen.wav
  artifactKey: Guid(3a988eca3342043a8b5d507047775aee) Importer(815301076,1909f56bfc062723c751e8b465ee728b)
Start importing Assets/Sounds/DoorOpen.wav using Guid(3a988eca3342043a8b5d507047775aee) Importer(815301076,1909f56bfc062723c751e8b465ee728b)  -> (artifact id: '78f8ccf9b9ca0caa312406d56dd3774a') in 0.021850 seconds 
========================================================================
Received Import Request.
  Time since last request: 10.097851 seconds.
  path: Assets/Sounds/High.wav
  artifactKey: Guid(7fe67f3d2511240d3a5ce7ddbd529b89) Importer(815301076,1909f56bfc062723c751e8b465ee728b)
Start importing Assets/Sounds/High.wav using Guid(7fe67f3d2511240d3a5ce7ddbd529b89) Importer(815301076,1909f56bfc062723c751e8b465ee728b)  -> (artifact id: '26586474b73f14c3489615704921f9ad') in 0.024064 seconds 
========================================================================
Received Import Request.
  Time since last request: 10.290347 seconds.
  path: Assets/Sounds/DoorOpen.wav
  artifactKey: Guid(3a988eca3342043a8b5d507047775aee) Importer(815301076,1909f56bfc062723c751e8b465ee728b)
Start importing Assets/Sounds/DoorOpen.wav using Guid(3a988eca3342043a8b5d507047775aee) Importer(815301076,1909f56bfc062723c751e8b465ee728b)  -> (artifact id: 'e4731767e4e147800013e6ef13db635e') in 0.013968 seconds 
========================================================================
Received Import Request.
  Time since last request: 4.069799 seconds.
  path: Assets/Sounds/High.wav
  artifactKey: Guid(7fe67f3d2511240d3a5ce7ddbd529b89) Importer(815301076,1909f56bfc062723c751e8b465ee728b)
Start importing Assets/Sounds/High.wav using Guid(7fe67f3d2511240d3a5ce7ddbd529b89) Importer(815301076,1909f56bfc062723c751e8b465ee728b)  -> (artifact id: '756531dd3fd420d2a762b3754dc7205d') in 0.025756 seconds 
========================================================================
Received Import Request.
  Time since last request: 4.760727 seconds.
  path: Assets/Sounds/KeyCollect.wav
  artifactKey: Guid(8280c530d69704332b5d64462ab86062) Importer(815301076,1909f56bfc062723c751e8b465ee728b)
Start importing Assets/Sounds/KeyCollect.wav using Guid(8280c530d69704332b5d64462ab86062) Importer(815301076,1909f56bfc062723c751e8b465ee728b)  -> (artifact id: '600a0afc181724c764e26d1c1ab7d9ee') in 0.016437 seconds 
========================================================================
Received Import Request.
  Time since last request: 3.814518 seconds.
  path: Assets/Sounds/KeyFind.wav
  artifactKey: Guid(4186b8c528d78423eafd7024c1fdd97a) Importer(815301076,1909f56bfc062723c751e8b465ee728b)
Start importing Assets/Sounds/KeyFind.wav using Guid(4186b8c528d78423eafd7024c1fdd97a) Importer(815301076,1909f56bfc062723c751e8b465ee728b)  -> (artifact id: '23ded1651d5b4dd0a82a3b20db36cf21') in 0.013628 seconds 
========================================================================
Received Import Request.
  Time since last request: 4.170719 seconds.
  path: Assets/Sounds/Low.wav
  artifactKey: Guid(bfb4fae11c0ea40968f13d9051ecdec4) Importer(815301076,1909f56bfc062723c751e8b465ee728b)
Start importing Assets/Sounds/Low.wav using Guid(bfb4fae11c0ea40968f13d9051ecdec4) Importer(815301076,1909f56bfc062723c751e8b465ee728b)  -> (artifact id: 'e74fec1332f1cfe1ed63e53d222fe578') in 0.019975 seconds 
========================================================================
Received Import Request.
  Time since last request: 4.102465 seconds.
  path: Assets/Sounds/Mid.wav
  artifactKey: Guid(c027eab7fc31f4d11879290bc0d534df) Importer(815301076,1909f56bfc062723c751e8b465ee728b)
Start importing Assets/Sounds/Mid.wav using Guid(c027eab7fc31f4d11879290bc0d534df) Importer(815301076,1909f56bfc062723c751e8b465ee728b)  -> (artifact id: '3d38649710014db0892b6d05642a1e1c') in 0.033325 seconds 
========================================================================
Received Import Request.
  Time since last request: 60.068971 seconds.
  path: Assets/Sounds/BackingMusic.wav
  artifactKey: Guid(b2742c6c6febb914ba5c49a933332deb) Importer(815301076,1909f56bfc062723c751e8b465ee728b)
Start importing Assets/Sounds/BackingMusic.wav using Guid(b2742c6c6febb914ba5c49a933332deb) Importer(815301076,1909f56bfc062723c751e8b465ee728b)  -> (artifact id: 'ebdd891a6e3cc4752fa63464b0dd7561') in 0.013953 seconds 
========================================================================
Received Prepare
Refreshing native plugins compatible for Editor in 3.76 ms, found 3 plugins.
Preloading 0 native plugins for Editor in 0.00 ms.
Unloading 17 Unused Serialized files (Serialized files now loaded: 0)
Unloading 17 unused Assets / (21.9 KB). Loaded Objects now: 3753.
Memory consumption went from 58.8 MB to 58.8 MB.
Total: 4.605100 ms (FindLiveObjects: 0.217500 ms CreateObjectMapping: 0.094800 ms MarkObjects: 4.247400 ms  DeleteObjects: 0.043200 ms)

AssetImportParameters requested are different than current active one (requested -> active):
  custom:video-decoder-ogg-theora: a1e56fd34408186e4bbccfd4996cb3dc -> 
  custom:container-muxer-webm: aa71ff27fc2769a1b78a27578f13a17b -> 
  custom:container-demuxer-webm: 4f35f7cbe854078d1ac9338744f61a02 -> 
  custom:video-encoder-webm-vp8: eb34c28f22e8b96e1ab97ce403110664 -> 
  custom:video-codec-MediaFoundation-h265: 746d11721c4dcdbdad8f713fa42b33f4 -> 
  custom:audio-encoder-webm-vorbis: bf7c407c2cedff20999df2af8eb42d56 -> 
  custom:framework-win-MediaFoundation: 216162199b28c13a410421893ffa2e32 -> 
  custom:container-demuxer-ogg: 62fdf1f143b41e24485cea50d1cbac27 -> 
  custom:video-decoder-webm-vp8: 9c59270c3fd7afecdb556c50c9e8de78 -> 
  custom:audio-decoder-ogg-vorbis: bf7c407c2cedff20999df2af8eb42d56 -> 
